{"contracts/IWaifusion.sol":{"l":{},"path":"/home/kiwi/Work/Random/waifusion-brothel/contracts/IWaifusion.sol","s":{},"b":{},"f":{},"fnMap":{},"statementMap":{},"branchMap":{}},"contracts/test/Waifus.sol":{"l":{"34":0,"35":0,"37":0,"51":0,"65":0,"66":0,"68":0,"85":0,"86":0,"89":0,"90":0,"92":0,"108":0,"124":0,"125":0,"128":0,"144":0,"160":0,"161":0,"177":0,"181":0,"182":0,"197":0,"198":0,"200":0,"201":0,"202":0,"203":0,"204":0,"206":0,"207":0,"208":0,"209":0,"210":0,"211":0,"213":0,"244":0,"246":0,"247":0,"267":0,"270":0,"271":0,"293":0,"303":0,"318":0,"328":0,"329":0,"332":0,"333":0,"343":0,"353":0,"356":0,"357":0,"367":0,"377":0,"380":0,"381":0,"385":0,"386":0,"389":0,"393":0,"398":0,"445":0,"454":0,"469":0,"470":0,"759":0,"761":0,"762":0,"765":0,"766":0,"768":0,"769":0,"780":0,"782":0,"787":0,"788":0,"793":0,"796":0,"798":0,"801":0,"804":0,"806":0,"808":0,"816":0,"823":0,"837":0,"839":0,"840":0,"851":0,"858":0,"859":0,"860":0,"877":0,"886":0,"893":0,"900":0,"913":0,"914":0,"925":0,"932":0,"986":0,"987":0,"990":0,"991":0,"993":0,"1005":0,"1007":0,"1012":0,"1013":0,"1018":0,"1021":0,"1023":0,"1026":0,"1029":0,"1031":0,"1033":0,"1041":0,"1048":0,"1062":0,"1063":0,"1079":0,"1089":0,"1096":0,"1103":0,"1117":0,"1134":0,"1144":0,"1151":0,"1158":0,"1172":0,"1185":0,"1186":0,"1187":0,"1194":0,"1201":0,"1202":0,"1213":0,"1214":0,"1222":0,"1223":0,"1224":0,"1372":0,"1373":0,"1374":0,"1377":0,"1378":0,"1379":0,"1386":0,"1388":0,"1395":0,"1402":0,"1409":0,"1416":0,"1424":0,"1431":0,"1432":0,"1439":0,"1446":0,"1453":0,"1460":0,"1461":0,"1463":0,"1465":0,"1466":0,"1468":0,"1470":0,"1472":0,"1474":0,"1476":0,"1478":0,"1480":0,"1482":0,"1484":0,"1486":0,"1494":0,"1495":0,"1496":0,"1497":0,"1498":0,"1500":0,"1501":0,"1502":0,"1503":0,"1505":0,"1511":0,"1512":0,"1520":0,"1521":0,"1523":0,"1525":0,"1526":0,"1529":0,"1530":0,"1538":0,"1540":0,"1541":0,"1542":0,"1543":0,"1545":0,"1547":0,"1548":0,"1550":0,"1551":0,"1552":0,"1553":0,"1560":0,"1561":0,"1568":0,"1569":0,"1571":0,"1575":0,"1582":0,"1584":0,"1591":0,"1593":0,"1594":0,"1601":0,"1609":0,"1611":0,"1618":0,"1625":0,"1626":0,"1648":0,"1649":0,"1661":0,"1672":0,"1673":0,"1674":0,"1688":0,"1689":0,"1698":0,"1699":0,"1700":0,"1716":0,"1717":0,"1719":0,"1721":0,"1723":0,"1725":0,"1739":0,"1741":0,"1744":0,"1746":0,"1748":0,"1750":0,"1765":0,"1766":0,"1768":0,"1771":0,"1773":0,"1774":0,"1776":0,"1778":0,"1795":0,"1796":0,"1798":0,"1805":0,"1806":0,"1810":0,"1811":0,"1835":0,"1842":0,"1843":0,"1844":0,"1845":0,"1846":0,"1848":0,"1850":0,"1851":0,"1853":0,"1855":0,"1861":0,"1863":0,"1866":0,"1873":0,"1874":0,"1875":0,"1877":0,"1878":0,"1880":0,"1883":0},"path":"/home/kiwi/Work/Random/waifusion-brothel/contracts/test/Waifus.sol","s":{"1":0,"2":0,"3":0,"4":0,"5":0,"6":0,"7":0,"8":0,"9":0,"10":0,"11":0,"12":0,"13":0,"14":0,"15":0,"16":0,"17":0,"18":0,"19":0,"20":0,"21":0,"22":0,"23":0,"24":0,"25":0,"26":0,"27":0,"28":0,"29":0,"30":0,"31":0,"32":0,"33":0,"34":0,"35":0,"36":0,"37":0,"38":0,"39":0,"40":0,"41":0,"42":0,"43":0,"44":0,"45":0,"46":0,"47":0,"48":0,"49":0,"50":0,"51":0,"52":0,"53":0,"54":0,"55":0,"56":0,"57":0,"58":0,"59":0,"60":0,"61":0,"62":0,"63":0,"64":0,"65":0,"66":0,"67":0,"68":0,"69":0,"70":0,"71":0,"72":0,"73":0,"74":0,"75":0,"76":0,"77":0,"78":0,"79":0,"80":0,"81":0,"82":0,"83":0,"84":0,"85":0,"86":0,"87":0,"88":0,"89":0,"90":0,"91":0,"92":0,"93":0,"94":0,"95":0,"96":0,"97":0,"98":0,"99":0,"100":0,"101":0,"102":0,"103":0,"104":0,"105":0,"106":0,"107":0,"108":0,"109":0,"110":0,"111":0,"112":0,"113":0,"114":0,"115":0,"116":0,"117":0,"118":0,"119":0,"120":0,"121":0,"122":0,"123":0,"124":0,"125":0,"126":0,"127":0,"128":0,"129":0,"130":0,"131":0,"132":0,"133":0,"134":0,"135":0,"136":0,"137":0,"138":0,"139":0,"140":0,"141":0,"142":0,"143":0,"144":0,"145":0,"146":0,"147":0,"148":0,"149":0,"150":0,"151":0,"152":0,"153":0,"154":0,"155":0,"156":0,"157":0,"158":0,"159":0,"160":0,"161":0,"162":0,"163":0,"164":0,"165":0,"166":0,"167":0,"168":0,"169":0,"170":0,"171":0,"172":0,"173":0,"174":0,"175":0,"176":0,"177":0,"178":0,"179":0,"180":0,"181":0,"182":0,"183":0,"184":0,"185":0,"186":0,"187":0,"188":0,"189":0,"190":0,"191":0,"192":0,"193":0,"194":0,"195":0,"196":0,"197":0,"198":0,"199":0,"200":0,"201":0,"202":0,"203":0,"204":0,"205":0,"206":0,"207":0,"208":0,"209":0,"210":0,"211":0,"212":0,"213":0,"214":0,"215":0,"216":0,"217":0,"218":0,"219":0,"220":0,"221":0,"222":0,"223":0,"224":0,"225":0,"226":0,"227":0,"228":0,"229":0,"230":0,"231":0,"232":0,"233":0,"234":0,"235":0,"236":0,"237":0,"238":0,"239":0,"240":0,"241":0,"242":0,"243":0,"244":0,"245":0,"246":0,"247":0,"248":0,"249":0,"250":0,"251":0,"252":0,"253":0,"254":0,"255":0,"256":0,"257":0,"258":0,"259":0,"260":0,"261":0,"262":0,"263":0,"264":0,"265":0,"266":0,"267":0,"268":0,"269":0,"270":0,"271":0,"272":0,"273":0,"274":0,"275":0,"276":0,"277":0,"278":0,"279":0,"280":0,"281":0,"282":0,"283":0,"284":0,"285":0,"286":0,"287":0,"288":0,"289":0},"b":{"1":[0,0],"2":[0,0],"3":[0,0],"4":[0,0],"5":[0,0],"6":[0,0],"7":[0,0],"8":[0,0],"9":[0,0],"10":[0,0],"11":[0,0],"12":[0,0],"13":[0,0],"14":[0,0],"15":[0,0],"16":[0,0],"17":[0,0],"18":[0,0],"19":[0,0],"20":[0,0],"21":[0,0],"22":[0,0],"23":[0,0],"24":[0,0],"25":[0,0],"26":[0,0],"27":[0,0],"28":[0,0],"29":[0,0],"30":[0,0],"31":[0,0],"32":[0,0],"33":[0,0],"34":[0,0],"35":[0,0],"36":[0,0],"37":[0,0],"38":[0,0],"39":[0,0],"40":[0,0],"41":[0,0],"42":[0,0],"43":[0,0],"44":[0,0],"45":[0,0],"46":[0,0],"47":[0,0],"48":[0,0],"49":[0,0],"50":[0,0],"51":[0,0],"52":[0,0],"53":[0,0],"54":[0,0],"55":[0,0],"56":[0,0],"57":[0,0],"58":[0,0],"59":[0,0],"60":[0,0],"61":[0,0],"62":[0,0],"63":[0,0],"64":[0,0],"65":[0,0],"66":[0,0],"67":[0,0],"68":[0,0],"69":[0,0],"70":[0,0],"71":[0,0],"72":[0,0],"73":[0,0],"74":[0,0],"75":[0,0],"76":[0,0],"77":[0,0]},"f":{"1":0,"2":0,"3":0,"4":0,"5":0,"6":0,"7":0,"8":0,"9":0,"10":0,"11":0,"12":0,"13":0,"14":0,"15":0,"16":0,"17":0,"18":0,"19":0,"20":0,"21":0,"22":0,"23":0,"24":0,"25":0,"26":0,"27":0,"28":0,"29":0,"30":0,"31":0,"32":0,"33":0,"34":0,"35":0,"36":0,"37":0,"38":0,"39":0,"40":0,"41":0,"42":0,"43":0,"44":0,"45":0,"46":0,"47":0,"48":0,"49":0,"50":0,"51":0,"52":0,"53":0,"54":0,"55":0,"56":0,"57":0,"58":0,"59":0,"60":0,"61":0,"62":0,"63":0,"64":0,"65":0,"66":0,"67":0,"68":0,"69":0,"70":0,"71":0,"72":0,"73":0,"74":0,"75":0,"76":0,"77":0,"78":0,"79":0,"80":0,"81":0,"82":0,"83":0,"84":0,"85":0,"86":0,"87":0,"88":0,"89":0,"90":0,"91":0,"92":0,"93":0,"94":0,"95":0,"96":0},"fnMap":{"1":{"name":"add","line":33,"loc":{"start":{"line":33,"column":4},"end":{"line":38,"column":4}}},"2":{"name":"sub","line":50,"loc":{"start":{"line":50,"column":4},"end":{"line":52,"column":4}}},"3":{"name":"sub","line":64,"loc":{"start":{"line":64,"column":4},"end":{"line":69,"column":4}}},"4":{"name":"mul","line":81,"loc":{"start":{"line":81,"column":4},"end":{"line":93,"column":4}}},"5":{"name":"div","line":107,"loc":{"start":{"line":107,"column":4},"end":{"line":109,"column":4}}},"6":{"name":"div","line":123,"loc":{"start":{"line":123,"column":4},"end":{"line":129,"column":4}}},"7":{"name":"mod","line":143,"loc":{"start":{"line":143,"column":4},"end":{"line":145,"column":4}}},"8":{"name":"mod","line":159,"loc":{"start":{"line":159,"column":4},"end":{"line":162,"column":4}}},"9":{"name":"_msgSender","line":176,"loc":{"start":{"line":176,"column":4},"end":{"line":178,"column":4}}},"10":{"name":"_msgData","line":180,"loc":{"start":{"line":180,"column":4},"end":{"line":183,"column":4}}},"11":{"name":"toString","line":193,"loc":{"start":{"line":193,"column":4},"end":{"line":214,"column":4}}},"12":{"name":"isContract","line":239,"loc":{"start":{"line":239,"column":4},"end":{"line":248,"column":4}}},"13":{"name":"sendValue","line":266,"loc":{"start":{"line":266,"column":4},"end":{"line":272,"column":4}}},"14":{"name":"functionCall","line":292,"loc":{"start":{"line":292,"column":4},"end":{"line":294,"column":4}}},"15":{"name":"functionCall","line":302,"loc":{"start":{"line":302,"column":4},"end":{"line":304,"column":4}}},"16":{"name":"functionCallWithValue","line":317,"loc":{"start":{"line":317,"column":4},"end":{"line":319,"column":4}}},"17":{"name":"functionCallWithValue","line":327,"loc":{"start":{"line":327,"column":4},"end":{"line":334,"column":4}}},"18":{"name":"functionStaticCall","line":342,"loc":{"start":{"line":342,"column":4},"end":{"line":344,"column":4}}},"19":{"name":"functionStaticCall","line":352,"loc":{"start":{"line":352,"column":4},"end":{"line":358,"column":4}}},"20":{"name":"functionDelegateCall","line":366,"loc":{"start":{"line":366,"column":4},"end":{"line":368,"column":4}}},"21":{"name":"functionDelegateCall","line":376,"loc":{"start":{"line":376,"column":4},"end":{"line":382,"column":4}}},"22":{"name":"_verifyCallResult","line":384,"loc":{"start":{"line":384,"column":4},"end":{"line":401,"column":4}}},"23":{"name":"constructor","line":442,"loc":{"start":{"line":442,"column":4},"end":{"line":446,"column":4}}},"24":{"name":"supportsInterface","line":453,"loc":{"start":{"line":453,"column":4},"end":{"line":455,"column":4}}},"25":{"name":"_registerInterface","line":468,"loc":{"start":{"line":468,"column":4},"end":{"line":471,"column":4}}},"26":{"name":"_set","line":757,"loc":{"start":{"line":757,"column":4},"end":{"line":771,"column":4}}},"27":{"name":"_remove","line":778,"loc":{"start":{"line":778,"column":4},"end":{"line":810,"column":4}}},"28":{"name":"_contains","line":815,"loc":{"start":{"line":815,"column":4},"end":{"line":817,"column":4}}},"29":{"name":"_length","line":822,"loc":{"start":{"line":822,"column":4},"end":{"line":824,"column":4}}},"30":{"name":"_at","line":836,"loc":{"start":{"line":836,"column":4},"end":{"line":841,"column":4}}},"31":{"name":"_get","line":850,"loc":{"start":{"line":850,"column":4},"end":{"line":852,"column":4}}},"32":{"name":"_get","line":857,"loc":{"start":{"line":857,"column":4},"end":{"line":861,"column":4}}},"33":{"name":"set","line":876,"loc":{"start":{"line":876,"column":4},"end":{"line":878,"column":4}}},"34":{"name":"remove","line":885,"loc":{"start":{"line":885,"column":4},"end":{"line":887,"column":4}}},"35":{"name":"contains","line":892,"loc":{"start":{"line":892,"column":4},"end":{"line":894,"column":4}}},"36":{"name":"length","line":899,"loc":{"start":{"line":899,"column":4},"end":{"line":901,"column":4}}},"37":{"name":"at","line":912,"loc":{"start":{"line":912,"column":4},"end":{"line":915,"column":4}}},"38":{"name":"get","line":924,"loc":{"start":{"line":924,"column":4},"end":{"line":926,"column":4}}},"39":{"name":"get","line":931,"loc":{"start":{"line":931,"column":4},"end":{"line":933,"column":4}}},"40":{"name":"_add","line":985,"loc":{"start":{"line":985,"column":4},"end":{"line":995,"column":4}}},"41":{"name":"_remove","line":1003,"loc":{"start":{"line":1003,"column":4},"end":{"line":1035,"column":4}}},"42":{"name":"_contains","line":1040,"loc":{"start":{"line":1040,"column":4},"end":{"line":1042,"column":4}}},"43":{"name":"_length","line":1047,"loc":{"start":{"line":1047,"column":4},"end":{"line":1049,"column":4}}},"44":{"name":"_at","line":1061,"loc":{"start":{"line":1061,"column":4},"end":{"line":1064,"column":4}}},"45":{"name":"add","line":1078,"loc":{"start":{"line":1078,"column":4},"end":{"line":1080,"column":4}}},"46":{"name":"remove","line":1088,"loc":{"start":{"line":1088,"column":4},"end":{"line":1090,"column":4}}},"47":{"name":"contains","line":1095,"loc":{"start":{"line":1095,"column":4},"end":{"line":1097,"column":4}}},"48":{"name":"length","line":1102,"loc":{"start":{"line":1102,"column":4},"end":{"line":1104,"column":4}}},"49":{"name":"at","line":1116,"loc":{"start":{"line":1116,"column":4},"end":{"line":1118,"column":4}}},"50":{"name":"add","line":1133,"loc":{"start":{"line":1133,"column":4},"end":{"line":1135,"column":4}}},"51":{"name":"remove","line":1143,"loc":{"start":{"line":1143,"column":4},"end":{"line":1145,"column":4}}},"52":{"name":"contains","line":1150,"loc":{"start":{"line":1150,"column":4},"end":{"line":1152,"column":4}}},"53":{"name":"length","line":1157,"loc":{"start":{"line":1157,"column":4},"end":{"line":1159,"column":4}}},"54":{"name":"at","line":1171,"loc":{"start":{"line":1171,"column":4},"end":{"line":1173,"column":4}}},"55":{"name":"constructor","line":1184,"loc":{"start":{"line":1184,"column":4},"end":{"line":1188,"column":4}}},"56":{"name":"owner","line":1193,"loc":{"start":{"line":1193,"column":4},"end":{"line":1195,"column":4}}},"57":{"name":"onlyOwner","line":1200,"loc":{"start":{"line":1200,"column":4},"end":{"line":1203,"column":4}}},"58":{"name":"renounceOwnership","line":1212,"loc":{"start":{"line":1212,"column":4},"end":{"line":1215,"column":4}}},"59":{"name":"transferOwnership","line":1221,"loc":{"start":{"line":1221,"column":4},"end":{"line":1225,"column":4}}},"60":{"name":"constructor","line":1371,"loc":{"start":{"line":1371,"column":4},"end":{"line":1380,"column":4}}},"61":{"name":"balanceOf","line":1385,"loc":{"start":{"line":1385,"column":4},"end":{"line":1389,"column":4}}},"62":{"name":"ownerOf","line":1394,"loc":{"start":{"line":1394,"column":4},"end":{"line":1396,"column":4}}},"63":{"name":"name","line":1401,"loc":{"start":{"line":1401,"column":4},"end":{"line":1403,"column":4}}},"64":{"name":"symbol","line":1408,"loc":{"start":{"line":1408,"column":4},"end":{"line":1410,"column":4}}},"65":{"name":"tokenOfOwnerByIndex","line":1415,"loc":{"start":{"line":1415,"column":4},"end":{"line":1417,"column":4}}},"66":{"name":"totalSupply","line":1422,"loc":{"start":{"line":1422,"column":4},"end":{"line":1425,"column":4}}},"67":{"name":"tokenByIndex","line":1430,"loc":{"start":{"line":1430,"column":4},"end":{"line":1433,"column":4}}},"68":{"name":"tokenNameByIndex","line":1438,"loc":{"start":{"line":1438,"column":4},"end":{"line":1440,"column":4}}},"69":{"name":"isNameReserved","line":1445,"loc":{"start":{"line":1445,"column":4},"end":{"line":1447,"column":4}}},"70":{"name":"isMintedBeforeReveal","line":1452,"loc":{"start":{"line":1452,"column":4},"end":{"line":1454,"column":4}}},"71":{"name":"getNFTPrice","line":1459,"loc":{"start":{"line":1459,"column":4},"end":{"line":1488,"column":4}}},"72":{"name":"mintNFT","line":1493,"loc":{"start":{"line":1493,"column":4},"end":{"line":1514,"column":4}}},"73":{"name":"finalizeStartingIndex","line":1519,"loc":{"start":{"line":1519,"column":4},"end":{"line":1532,"column":4}}},"74":{"name":"changeName","line":1537,"loc":{"start":{"line":1537,"column":4},"end":{"line":1554,"column":4}}},"75":{"name":"withdraw","line":1559,"loc":{"start":{"line":1559,"column":4},"end":{"line":1562,"column":4}}},"76":{"name":"approve","line":1567,"loc":{"start":{"line":1567,"column":4},"end":{"line":1576,"column":4}}},"77":{"name":"getApproved","line":1581,"loc":{"start":{"line":1581,"column":4},"end":{"line":1585,"column":4}}},"78":{"name":"setApprovalForAll","line":1590,"loc":{"start":{"line":1590,"column":4},"end":{"line":1595,"column":4}}},"79":{"name":"isApprovedForAll","line":1600,"loc":{"start":{"line":1600,"column":4},"end":{"line":1602,"column":4}}},"80":{"name":"transferFrom","line":1607,"loc":{"start":{"line":1607,"column":4},"end":{"line":1612,"column":4}}},"81":{"name":"safeTransferFrom","line":1617,"loc":{"start":{"line":1617,"column":4},"end":{"line":1619,"column":4}}},"82":{"name":"safeTransferFrom","line":1624,"loc":{"start":{"line":1624,"column":4},"end":{"line":1627,"column":4}}},"83":{"name":"_safeTransfer","line":1647,"loc":{"start":{"line":1647,"column":4},"end":{"line":1650,"column":4}}},"84":{"name":"_exists","line":1660,"loc":{"start":{"line":1660,"column":4},"end":{"line":1662,"column":4}}},"85":{"name":"_isApprovedOrOwner","line":1671,"loc":{"start":{"line":1671,"column":4},"end":{"line":1675,"column":4}}},"86":{"name":"_safeMint","line":1687,"loc":{"start":{"line":1687,"column":4},"end":{"line":1691,"column":4}}},"87":{"name":"_safeMint","line":1697,"loc":{"start":{"line":1697,"column":4},"end":{"line":1701,"column":4}}},"88":{"name":"_mint","line":1715,"loc":{"start":{"line":1715,"column":4},"end":{"line":1726,"column":4}}},"89":{"name":"_burn","line":1738,"loc":{"start":{"line":1738,"column":4},"end":{"line":1751,"column":4}}},"90":{"name":"_transfer","line":1764,"loc":{"start":{"line":1764,"column":4},"end":{"line":1779,"column":4}}},"91":{"name":"_checkOnERC721Received","line":1792,"loc":{"start":{"line":1792,"column":4},"end":{"line":1807,"column":4}}},"92":{"name":"_approve","line":1809,"loc":{"start":{"line":1809,"column":4},"end":{"line":1812,"column":4}}},"93":{"name":"_beforeTokenTransfer","line":1829,"loc":{"start":{"line":1829,"column":4},"end":{"line":1829,"column":96}}},"94":{"name":"toggleReserveName","line":1834,"loc":{"start":{"line":1834,"column":4},"end":{"line":1836,"column":4}}},"95":{"name":"validateName","line":1841,"loc":{"start":{"line":1841,"column":4},"end":{"line":1867,"column":4}}},"96":{"name":"toLower","line":1872,"loc":{"start":{"line":1872,"column":4},"end":{"line":1884,"column":4}}}},"statementMap":{"1":{"start":{"line":34,"column":8},"end":{"line":34,"column":25}},"2":{"start":{"line":35,"column":8},"end":{"line":35,"column":53}},"3":{"start":{"line":37,"column":8},"end":{"line":37,"column":16}},"4":{"start":{"line":51,"column":8},"end":{"line":51,"column":58}},"5":{"start":{"line":65,"column":8},"end":{"line":65,"column":36}},"6":{"start":{"line":66,"column":8},"end":{"line":66,"column":25}},"7":{"start":{"line":68,"column":8},"end":{"line":68,"column":16}},"8":{"start":{"line":85,"column":8},"end":{"line":85,"column":2551}},"9":{"start":{"line":86,"column":12},"end":{"line":86,"column":20}},"10":{"start":{"line":89,"column":8},"end":{"line":89,"column":25}},"11":{"start":{"line":90,"column":8},"end":{"line":90,"column":63}},"12":{"start":{"line":92,"column":8},"end":{"line":92,"column":16}},"13":{"start":{"line":108,"column":8},"end":{"line":108,"column":54}},"14":{"start":{"line":124,"column":8},"end":{"line":124,"column":35}},"15":{"start":{"line":125,"column":8},"end":{"line":125,"column":25}},"16":{"start":{"line":128,"column":8},"end":{"line":128,"column":16}},"17":{"start":{"line":144,"column":8},"end":{"line":144,"column":52}},"18":{"start":{"line":160,"column":8},"end":{"line":160,"column":36}},"19":{"start":{"line":161,"column":8},"end":{"line":161,"column":20}},"20":{"start":{"line":177,"column":8},"end":{"line":177,"column":34}},"21":{"start":{"line":182,"column":8},"end":{"line":182,"column":23}},"22":{"start":{"line":197,"column":8},"end":{"line":197,"column":6576}},"23":{"start":{"line":198,"column":12},"end":{"line":198,"column":22}},"24":{"start":{"line":200,"column":8},"end":{"line":200,"column":28}},"25":{"start":{"line":201,"column":8},"end":{"line":201,"column":22}},"26":{"start":{"line":202,"column":8},"end":{"line":202,"column":6690}},"27":{"start":{"line":204,"column":12},"end":{"line":204,"column":21}},"28":{"start":{"line":206,"column":8},"end":{"line":206,"column":47}},"29":{"start":{"line":207,"column":8},"end":{"line":207,"column":34}},"30":{"start":{"line":208,"column":8},"end":{"line":208,"column":19}},"31":{"start":{"line":209,"column":8},"end":{"line":209,"column":6881}},"32":{"start":{"line":210,"column":12},"end":{"line":210,"column":58}},"33":{"start":{"line":211,"column":12},"end":{"line":211,"column":21}},"34":{"start":{"line":213,"column":8},"end":{"line":213,"column":29}},"35":{"start":{"line":244,"column":8},"end":{"line":244,"column":20}},"36":{"start":{"line":247,"column":8},"end":{"line":247,"column":23}},"37":{"start":{"line":267,"column":8},"end":{"line":267,"column":80}},"38":{"start":{"line":270,"column":8},"end":{"line":270,"column":62}},"39":{"start":{"line":271,"column":8},"end":{"line":271,"column":85}},"40":{"start":{"line":293,"column":6},"end":{"line":293,"column":73}},"41":{"start":{"line":303,"column":8},"end":{"line":303,"column":67}},"42":{"start":{"line":318,"column":8},"end":{"line":318,"column":102}},"43":{"start":{"line":328,"column":8},"end":{"line":328,"column":88}},"44":{"start":{"line":329,"column":8},"end":{"line":329,"column":67}},"45":{"start":{"line":332,"column":8},"end":{"line":332,"column":83}},"46":{"start":{"line":333,"column":8},"end":{"line":333,"column":67}},"47":{"start":{"line":343,"column":8},"end":{"line":343,"column":88}},"48":{"start":{"line":353,"column":8},"end":{"line":353,"column":74}},"49":{"start":{"line":356,"column":8},"end":{"line":356,"column":73}},"50":{"start":{"line":357,"column":8},"end":{"line":357,"column":67}},"51":{"start":{"line":367,"column":8},"end":{"line":367,"column":92}},"52":{"start":{"line":377,"column":8},"end":{"line":377,"column":76}},"53":{"start":{"line":380,"column":8},"end":{"line":380,"column":75}},"54":{"start":{"line":381,"column":8},"end":{"line":381,"column":67}},"55":{"start":{"line":385,"column":8},"end":{"line":385,"column":14201}},"56":{"start":{"line":386,"column":12},"end":{"line":386,"column":29}},"57":{"start":{"line":389,"column":12},"end":{"line":389,"column":14346}},"58":{"start":{"line":398,"column":16},"end":{"line":398,"column":35}},"59":{"start":{"line":445,"column":8},"end":{"line":445,"column":47}},"60":{"start":{"line":454,"column":8},"end":{"line":454,"column":48}},"61":{"start":{"line":469,"column":8},"end":{"line":469,"column":73}},"62":{"start":{"line":470,"column":8},"end":{"line":470,"column":47}},"63":{"start":{"line":759,"column":8},"end":{"line":759,"column":44}},"64":{"start":{"line":761,"column":8},"end":{"line":761,"column":27202}},"65":{"start":{"line":762,"column":12},"end":{"line":762,"column":68}},"66":{"start":{"line":765,"column":12},"end":{"line":765,"column":50}},"67":{"start":{"line":766,"column":12},"end":{"line":766,"column":23}},"68":{"start":{"line":768,"column":12},"end":{"line":768,"column":52}},"69":{"start":{"line":769,"column":12},"end":{"line":769,"column":24}},"70":{"start":{"line":780,"column":8},"end":{"line":780,"column":44}},"71":{"start":{"line":782,"column":8},"end":{"line":782,"column":28036}},"72":{"start":{"line":787,"column":12},"end":{"line":787,"column":48}},"73":{"start":{"line":788,"column":12},"end":{"line":788,"column":55}},"74":{"start":{"line":793,"column":12},"end":{"line":793,"column":64}},"75":{"start":{"line":796,"column":12},"end":{"line":796,"column":50}},"76":{"start":{"line":798,"column":12},"end":{"line":798,"column":59}},"77":{"start":{"line":801,"column":12},"end":{"line":801,"column":29}},"78":{"start":{"line":806,"column":12},"end":{"line":806,"column":23}},"79":{"start":{"line":808,"column":12},"end":{"line":808,"column":24}},"80":{"start":{"line":816,"column":8},"end":{"line":816,"column":37}},"81":{"start":{"line":823,"column":8},"end":{"line":823,"column":34}},"82":{"start":{"line":837,"column":8},"end":{"line":837,"column":81}},"83":{"start":{"line":839,"column":8},"end":{"line":839,"column":52}},"84":{"start":{"line":840,"column":8},"end":{"line":840,"column":41}},"85":{"start":{"line":851,"column":8},"end":{"line":851,"column":63}},"86":{"start":{"line":858,"column":8},"end":{"line":858,"column":44}},"87":{"start":{"line":859,"column":8},"end":{"line":859,"column":43}},"88":{"start":{"line":860,"column":8},"end":{"line":860,"column":48}},"89":{"start":{"line":877,"column":8},"end":{"line":877,"column":79}},"90":{"start":{"line":886,"column":8},"end":{"line":886,"column":48}},"91":{"start":{"line":893,"column":8},"end":{"line":893,"column":50}},"92":{"start":{"line":900,"column":8},"end":{"line":900,"column":34}},"93":{"start":{"line":913,"column":8},"end":{"line":913,"column":61}},"94":{"start":{"line":914,"column":8},"end":{"line":914,"column":63}},"95":{"start":{"line":925,"column":8},"end":{"line":925,"column":72}},"96":{"start":{"line":932,"column":8},"end":{"line":932,"column":86}},"97":{"start":{"line":986,"column":8},"end":{"line":986,"column":35126}},"98":{"start":{"line":987,"column":12},"end":{"line":987,"column":34}},"99":{"start":{"line":990,"column":12},"end":{"line":990,"column":51}},"100":{"start":{"line":991,"column":12},"end":{"line":991,"column":23}},"101":{"start":{"line":993,"column":12},"end":{"line":993,"column":24}},"102":{"start":{"line":1005,"column":8},"end":{"line":1005,"column":48}},"103":{"start":{"line":1007,"column":8},"end":{"line":1007,"column":35852}},"104":{"start":{"line":1012,"column":12},"end":{"line":1012,"column":50}},"105":{"start":{"line":1013,"column":12},"end":{"line":1013,"column":54}},"106":{"start":{"line":1018,"column":12},"end":{"line":1018,"column":54}},"107":{"start":{"line":1021,"column":12},"end":{"line":1021,"column":49}},"108":{"start":{"line":1023,"column":12},"end":{"line":1023,"column":54}},"109":{"start":{"line":1026,"column":12},"end":{"line":1026,"column":28}},"110":{"start":{"line":1031,"column":12},"end":{"line":1031,"column":23}},"111":{"start":{"line":1033,"column":12},"end":{"line":1033,"column":24}},"112":{"start":{"line":1041,"column":8},"end":{"line":1041,"column":39}},"113":{"start":{"line":1048,"column":8},"end":{"line":1048,"column":33}},"114":{"start":{"line":1062,"column":8},"end":{"line":1062,"column":80}},"115":{"start":{"line":1063,"column":8},"end":{"line":1063,"column":33}},"116":{"start":{"line":1079,"column":8},"end":{"line":1079,"column":65}},"117":{"start":{"line":1089,"column":8},"end":{"line":1089,"column":68}},"118":{"start":{"line":1096,"column":8},"end":{"line":1096,"column":70}},"119":{"start":{"line":1103,"column":8},"end":{"line":1103,"column":34}},"120":{"start":{"line":1117,"column":8},"end":{"line":1117,"column":64}},"121":{"start":{"line":1134,"column":8},"end":{"line":1134,"column":47}},"122":{"start":{"line":1144,"column":8},"end":{"line":1144,"column":50}},"123":{"start":{"line":1151,"column":8},"end":{"line":1151,"column":52}},"124":{"start":{"line":1158,"column":8},"end":{"line":1158,"column":34}},"125":{"start":{"line":1172,"column":8},"end":{"line":1172,"column":46}},"126":{"start":{"line":1185,"column":8},"end":{"line":1185,"column":40}},"127":{"start":{"line":1186,"column":8},"end":{"line":1186,"column":25}},"128":{"start":{"line":1187,"column":8},"end":{"line":1187,"column":56}},"129":{"start":{"line":1194,"column":8},"end":{"line":1194,"column":21}},"130":{"start":{"line":1201,"column":8},"end":{"line":1201,"column":74}},"131":{"start":{"line":1213,"column":8},"end":{"line":1213,"column":53}},"132":{"start":{"line":1214,"column":8},"end":{"line":1214,"column":26}},"133":{"start":{"line":1222,"column":8},"end":{"line":1222,"column":80}},"134":{"start":{"line":1223,"column":8},"end":{"line":1223,"column":51}},"135":{"start":{"line":1224,"column":8},"end":{"line":1224,"column":24}},"136":{"start":{"line":1372,"column":8},"end":{"line":1372,"column":19}},"137":{"start":{"line":1373,"column":8},"end":{"line":1373,"column":23}},"138":{"start":{"line":1374,"column":8},"end":{"line":1374,"column":31}},"139":{"start":{"line":1377,"column":8},"end":{"line":1377,"column":47}},"140":{"start":{"line":1378,"column":8},"end":{"line":1378,"column":56}},"141":{"start":{"line":1379,"column":8},"end":{"line":1379,"column":58}},"142":{"start":{"line":1386,"column":8},"end":{"line":1386,"column":81}},"143":{"start":{"line":1388,"column":8},"end":{"line":1388,"column":44}},"144":{"start":{"line":1395,"column":8},"end":{"line":1395,"column":85}},"145":{"start":{"line":1402,"column":8},"end":{"line":1402,"column":20}},"146":{"start":{"line":1409,"column":8},"end":{"line":1409,"column":22}},"147":{"start":{"line":1416,"column":8},"end":{"line":1416,"column":45}},"148":{"start":{"line":1424,"column":8},"end":{"line":1424,"column":36}},"149":{"start":{"line":1431,"column":8},"end":{"line":1431,"column":52}},"150":{"start":{"line":1432,"column":8},"end":{"line":1432,"column":22}},"151":{"start":{"line":1439,"column":8},"end":{"line":1439,"column":32}},"152":{"start":{"line":1446,"column":8},"end":{"line":1446,"column":49}},"153":{"start":{"line":1453,"column":8},"end":{"line":1453,"column":41}},"154":{"start":{"line":1460,"column":8},"end":{"line":1460,"column":79}},"155":{"start":{"line":1461,"column":8},"end":{"line":1461,"column":72}},"156":{"start":{"line":1463,"column":8},"end":{"line":1463,"column":42}},"157":{"start":{"line":1465,"column":8},"end":{"line":1465,"column":51153}},"158":{"start":{"line":1466,"column":12},"end":{"line":1466,"column":39}},"159":{"start":{"line":1467,"column":15},"end":{"line":1467,"column":51264}},"160":{"start":{"line":1468,"column":12},"end":{"line":1468,"column":37}},"161":{"start":{"line":1469,"column":15},"end":{"line":1469,"column":51373}},"162":{"start":{"line":1470,"column":12},"end":{"line":1470,"column":37}},"163":{"start":{"line":1471,"column":15},"end":{"line":1471,"column":51483}},"164":{"start":{"line":1472,"column":12},"end":{"line":1472,"column":37}},"165":{"start":{"line":1473,"column":15},"end":{"line":1473,"column":51592}},"166":{"start":{"line":1474,"column":12},"end":{"line":1474,"column":36}},"167":{"start":{"line":1475,"column":15},"end":{"line":1475,"column":51700}},"168":{"start":{"line":1476,"column":12},"end":{"line":1476,"column":36}},"169":{"start":{"line":1477,"column":15},"end":{"line":1477,"column":51806}},"170":{"start":{"line":1478,"column":12},"end":{"line":1478,"column":36}},"171":{"start":{"line":1479,"column":15},"end":{"line":1479,"column":51911}},"172":{"start":{"line":1480,"column":12},"end":{"line":1480,"column":36}},"173":{"start":{"line":1481,"column":15},"end":{"line":1481,"column":52016}},"174":{"start":{"line":1482,"column":12},"end":{"line":1482,"column":36}},"175":{"start":{"line":1483,"column":15},"end":{"line":1483,"column":52121}},"176":{"start":{"line":1484,"column":12},"end":{"line":1484,"column":36}},"177":{"start":{"line":1486,"column":12},"end":{"line":1486,"column":36}},"178":{"start":{"line":1494,"column":8},"end":{"line":1494,"column":72}},"179":{"start":{"line":1495,"column":8},"end":{"line":1495,"column":60}},"180":{"start":{"line":1496,"column":8},"end":{"line":1496,"column":79}},"181":{"start":{"line":1497,"column":8},"end":{"line":1497,"column":91}},"182":{"start":{"line":1498,"column":8},"end":{"line":1498,"column":95}},"183":{"start":{"line":1500,"column":8},"end":{"line":1500,"column":52824}},"184":{"start":{"line":1501,"column":12},"end":{"line":1501,"column":42}},"185":{"start":{"line":1502,"column":12},"end":{"line":1502,"column":52926}},"186":{"start":{"line":1503,"column":16},"end":{"line":1503,"column":52}},"187":{"start":{"line":1505,"column":12},"end":{"line":1505,"column":43}},"188":{"start":{"line":1511,"column":8},"end":{"line":1511,"column":53248}},"189":{"start":{"line":1512,"column":12},"end":{"line":1512,"column":44}},"190":{"start":{"line":1520,"column":8},"end":{"line":1520,"column":67}},"191":{"start":{"line":1521,"column":8},"end":{"line":1521,"column":75}},"192":{"start":{"line":1523,"column":8},"end":{"line":1523,"column":75}},"193":{"start":{"line":1525,"column":8},"end":{"line":1525,"column":53880}},"194":{"start":{"line":1526,"column":12},"end":{"line":1526,"column":75}},"195":{"start":{"line":1529,"column":8},"end":{"line":1529,"column":54062}},"196":{"start":{"line":1530,"column":12},"end":{"line":1530,"column":47}},"197":{"start":{"line":1538,"column":8},"end":{"line":1538,"column":40}},"198":{"start":{"line":1540,"column":8},"end":{"line":1540,"column":72}},"199":{"start":{"line":1541,"column":8},"end":{"line":1541,"column":69}},"200":{"start":{"line":1542,"column":8},"end":{"line":1542,"column":115}},"201":{"start":{"line":1543,"column":8},"end":{"line":1543,"column":73}},"202":{"start":{"line":1545,"column":8},"end":{"line":1545,"column":85}},"203":{"start":{"line":1547,"column":8},"end":{"line":1547,"column":54821}},"204":{"start":{"line":1548,"column":12},"end":{"line":1548,"column":56}},"205":{"start":{"line":1550,"column":8},"end":{"line":1550,"column":39}},"206":{"start":{"line":1551,"column":8},"end":{"line":1551,"column":36}},"207":{"start":{"line":1552,"column":8},"end":{"line":1552,"column":50}},"208":{"start":{"line":1553,"column":8},"end":{"line":1553,"column":41}},"209":{"start":{"line":1560,"column":8},"end":{"line":1560,"column":44}},"210":{"start":{"line":1561,"column":8},"end":{"line":1561,"column":44}},"211":{"start":{"line":1568,"column":8},"end":{"line":1568,"column":40}},"212":{"start":{"line":1569,"column":8},"end":{"line":1569,"column":64}},"213":{"start":{"line":1571,"column":8},"end":{"line":1571,"column":55588}},"214":{"start":{"line":1575,"column":8},"end":{"line":1575,"column":28}},"215":{"start":{"line":1582,"column":8},"end":{"line":1582,"column":80}},"216":{"start":{"line":1584,"column":8},"end":{"line":1584,"column":39}},"217":{"start":{"line":1591,"column":8},"end":{"line":1591,"column":69}},"218":{"start":{"line":1593,"column":8},"end":{"line":1593,"column":60}},"219":{"start":{"line":1594,"column":8},"end":{"line":1594,"column":61}},"220":{"start":{"line":1601,"column":8},"end":{"line":1601,"column":50}},"221":{"start":{"line":1609,"column":8},"end":{"line":1609,"column":110}},"222":{"start":{"line":1611,"column":8},"end":{"line":1611,"column":35}},"223":{"start":{"line":1618,"column":8},"end":{"line":1618,"column":46}},"224":{"start":{"line":1625,"column":8},"end":{"line":1625,"column":110}},"225":{"start":{"line":1626,"column":8},"end":{"line":1626,"column":46}},"226":{"start":{"line":1648,"column":8},"end":{"line":1648,"column":35}},"227":{"start":{"line":1649,"column":8},"end":{"line":1649,"column":118}},"228":{"start":{"line":1661,"column":8},"end":{"line":1661,"column":45}},"229":{"start":{"line":1672,"column":8},"end":{"line":1672,"column":80}},"230":{"start":{"line":1673,"column":8},"end":{"line":1673,"column":40}},"231":{"start":{"line":1674,"column":8},"end":{"line":1674,"column":104}},"232":{"start":{"line":1688,"column":8},"end":{"line":1688,"column":37}},"233":{"start":{"line":1689,"column":8},"end":{"line":1689,"column":33}},"234":{"start":{"line":1698,"column":8},"end":{"line":1698,"column":25}},"235":{"start":{"line":1699,"column":8},"end":{"line":1699,"column":37}},"236":{"start":{"line":1700,"column":8},"end":{"line":1700,"column":124}},"237":{"start":{"line":1716,"column":8},"end":{"line":1716,"column":68}},"238":{"start":{"line":1717,"column":8},"end":{"line":1717,"column":65}},"239":{"start":{"line":1719,"column":8},"end":{"line":1719,"column":52}},"240":{"start":{"line":1721,"column":8},"end":{"line":1721,"column":37}},"241":{"start":{"line":1723,"column":8},"end":{"line":1723,"column":36}},"242":{"start":{"line":1725,"column":8},"end":{"line":1725,"column":46}},"243":{"start":{"line":1739,"column":8},"end":{"line":1739,"column":40}},"244":{"start":{"line":1741,"column":8},"end":{"line":1741,"column":55}},"245":{"start":{"line":1744,"column":8},"end":{"line":1744,"column":36}},"246":{"start":{"line":1746,"column":8},"end":{"line":1746,"column":43}},"247":{"start":{"line":1748,"column":8},"end":{"line":1748,"column":35}},"248":{"start":{"line":1750,"column":8},"end":{"line":1750,"column":49}},"249":{"start":{"line":1765,"column":8},"end":{"line":1765,"column":85}},"250":{"start":{"line":1766,"column":8},"end":{"line":1766,"column":72}},"251":{"start":{"line":1768,"column":8},"end":{"line":1768,"column":46}},"252":{"start":{"line":1771,"column":8},"end":{"line":1771,"column":36}},"253":{"start":{"line":1773,"column":8},"end":{"line":1773,"column":42}},"254":{"start":{"line":1774,"column":8},"end":{"line":1774,"column":37}},"255":{"start":{"line":1776,"column":8},"end":{"line":1776,"column":36}},"256":{"start":{"line":1778,"column":8},"end":{"line":1778,"column":40}},"257":{"start":{"line":1795,"column":8},"end":{"line":1795,"column":63448}},"258":{"start":{"line":1796,"column":12},"end":{"line":1796,"column":23}},"259":{"start":{"line":1798,"column":8},"end":{"line":1798,"column":63571}},"260":{"start":{"line":1805,"column":8},"end":{"line":1805,"column":56}},"261":{"start":{"line":1806,"column":8},"end":{"line":1806,"column":43}},"262":{"start":{"line":1810,"column":8},"end":{"line":1810,"column":36}},"263":{"start":{"line":1811,"column":8},"end":{"line":1811,"column":52}},"264":{"start":{"line":1835,"column":8},"end":{"line":1835,"column":46}},"265":{"start":{"line":1842,"column":8},"end":{"line":1842,"column":35}},"266":{"start":{"line":1843,"column":8},"end":{"line":1843,"column":37}},"267":{"start":{"line":1843,"column":25},"end":{"line":1843,"column":37}},"268":{"start":{"line":1844,"column":8},"end":{"line":1844,"column":38}},"269":{"start":{"line":1844,"column":26},"end":{"line":1844,"column":38}},"270":{"start":{"line":1845,"column":8},"end":{"line":1845,"column":37}},"271":{"start":{"line":1845,"column":25},"end":{"line":1845,"column":37}},"272":{"start":{"line":1846,"column":8},"end":{"line":1846,"column":49}},"273":{"start":{"line":1846,"column":37},"end":{"line":1846,"column":49}},"274":{"start":{"line":1848,"column":8},"end":{"line":1848,"column":30}},"275":{"start":{"line":1850,"column":8},"end":{"line":1850,"column":65502}},"276":{"start":{"line":1851,"column":12},"end":{"line":1851,"column":30}},"277":{"start":{"line":1853,"column":12},"end":{"line":1853,"column":62}},"278":{"start":{"line":1853,"column":50},"end":{"line":1853,"column":62}},"279":{"start":{"line":1855,"column":12},"end":{"line":1855,"column":65697}},"280":{"start":{"line":1861,"column":16},"end":{"line":1861,"column":28}},"281":{"start":{"line":1863,"column":12},"end":{"line":1863,"column":26}},"282":{"start":{"line":1866,"column":8},"end":{"line":1866,"column":19}},"283":{"start":{"line":1873,"column":8},"end":{"line":1873,"column":38}},"284":{"start":{"line":1874,"column":8},"end":{"line":1874,"column":52}},"285":{"start":{"line":1875,"column":8},"end":{"line":1875,"column":66245}},"286":{"start":{"line":1877,"column":12},"end":{"line":1877,"column":66337}},"287":{"start":{"line":1878,"column":16},"end":{"line":1878,"column":54}},"288":{"start":{"line":1880,"column":16},"end":{"line":1880,"column":34}},"289":{"start":{"line":1883,"column":8},"end":{"line":1883,"column":29}}},"branchMap":{"1":{"line":35,"type":"if","locations":[{"start":{"line":35,"column":8},"end":{"line":35,"column":8}},{"start":{"line":35,"column":8},"end":{"line":35,"column":8}}]},"2":{"line":65,"type":"if","locations":[{"start":{"line":65,"column":8},"end":{"line":65,"column":8}},{"start":{"line":65,"column":8},"end":{"line":65,"column":8}}]},"3":{"line":85,"type":"if","locations":[{"start":{"line":85,"column":8},"end":{"line":85,"column":8}},{"start":{"line":85,"column":8},"end":{"line":85,"column":8}}]},"4":{"line":90,"type":"if","locations":[{"start":{"line":90,"column":8},"end":{"line":90,"column":8}},{"start":{"line":90,"column":8},"end":{"line":90,"column":8}}]},"5":{"line":124,"type":"if","locations":[{"start":{"line":124,"column":8},"end":{"line":124,"column":8}},{"start":{"line":124,"column":8},"end":{"line":124,"column":8}}]},"6":{"line":160,"type":"if","locations":[{"start":{"line":160,"column":8},"end":{"line":160,"column":8}},{"start":{"line":160,"column":8},"end":{"line":160,"column":8}}]},"7":{"line":197,"type":"if","locations":[{"start":{"line":197,"column":8},"end":{"line":197,"column":8}},{"start":{"line":197,"column":8},"end":{"line":197,"column":8}}]},"8":{"line":267,"type":"if","locations":[{"start":{"line":267,"column":8},"end":{"line":267,"column":8}},{"start":{"line":267,"column":8},"end":{"line":267,"column":8}}]},"9":{"line":271,"type":"if","locations":[{"start":{"line":271,"column":8},"end":{"line":271,"column":8}},{"start":{"line":271,"column":8},"end":{"line":271,"column":8}}]},"10":{"line":328,"type":"if","locations":[{"start":{"line":328,"column":8},"end":{"line":328,"column":8}},{"start":{"line":328,"column":8},"end":{"line":328,"column":8}}]},"11":{"line":329,"type":"if","locations":[{"start":{"line":329,"column":8},"end":{"line":329,"column":8}},{"start":{"line":329,"column":8},"end":{"line":329,"column":8}}]},"12":{"line":353,"type":"if","locations":[{"start":{"line":353,"column":8},"end":{"line":353,"column":8}},{"start":{"line":353,"column":8},"end":{"line":353,"column":8}}]},"13":{"line":377,"type":"if","locations":[{"start":{"line":377,"column":8},"end":{"line":377,"column":8}},{"start":{"line":377,"column":8},"end":{"line":377,"column":8}}]},"14":{"line":385,"type":"if","locations":[{"start":{"line":385,"column":8},"end":{"line":385,"column":8}},{"start":{"line":385,"column":8},"end":{"line":385,"column":8}}]},"15":{"line":389,"type":"if","locations":[{"start":{"line":389,"column":12},"end":{"line":389,"column":12}},{"start":{"line":389,"column":12},"end":{"line":389,"column":12}}]},"16":{"line":469,"type":"if","locations":[{"start":{"line":469,"column":8},"end":{"line":469,"column":8}},{"start":{"line":469,"column":8},"end":{"line":469,"column":8}}]},"17":{"line":761,"type":"if","locations":[{"start":{"line":761,"column":8},"end":{"line":761,"column":8}},{"start":{"line":761,"column":8},"end":{"line":761,"column":8}}]},"18":{"line":782,"type":"if","locations":[{"start":{"line":782,"column":8},"end":{"line":782,"column":8}},{"start":{"line":782,"column":8},"end":{"line":782,"column":8}}]},"19":{"line":837,"type":"if","locations":[{"start":{"line":837,"column":8},"end":{"line":837,"column":8}},{"start":{"line":837,"column":8},"end":{"line":837,"column":8}}]},"20":{"line":859,"type":"if","locations":[{"start":{"line":859,"column":8},"end":{"line":859,"column":8}},{"start":{"line":859,"column":8},"end":{"line":859,"column":8}}]},"21":{"line":986,"type":"if","locations":[{"start":{"line":986,"column":8},"end":{"line":986,"column":8}},{"start":{"line":986,"column":8},"end":{"line":986,"column":8}}]},"22":{"line":1007,"type":"if","locations":[{"start":{"line":1007,"column":8},"end":{"line":1007,"column":8}},{"start":{"line":1007,"column":8},"end":{"line":1007,"column":8}}]},"23":{"line":1062,"type":"if","locations":[{"start":{"line":1062,"column":8},"end":{"line":1062,"column":8}},{"start":{"line":1062,"column":8},"end":{"line":1062,"column":8}}]},"24":{"line":1201,"type":"if","locations":[{"start":{"line":1201,"column":8},"end":{"line":1201,"column":8}},{"start":{"line":1201,"column":8},"end":{"line":1201,"column":8}}]},"25":{"line":1222,"type":"if","locations":[{"start":{"line":1222,"column":8},"end":{"line":1222,"column":8}},{"start":{"line":1222,"column":8},"end":{"line":1222,"column":8}}]},"26":{"line":1386,"type":"if","locations":[{"start":{"line":1386,"column":8},"end":{"line":1386,"column":8}},{"start":{"line":1386,"column":8},"end":{"line":1386,"column":8}}]},"27":{"line":1460,"type":"if","locations":[{"start":{"line":1460,"column":8},"end":{"line":1460,"column":8}},{"start":{"line":1460,"column":8},"end":{"line":1460,"column":8}}]},"28":{"line":1461,"type":"if","locations":[{"start":{"line":1461,"column":8},"end":{"line":1461,"column":8}},{"start":{"line":1461,"column":8},"end":{"line":1461,"column":8}}]},"29":{"line":1465,"type":"if","locations":[{"start":{"line":1465,"column":8},"end":{"line":1465,"column":8}},{"start":{"line":1465,"column":8},"end":{"line":1465,"column":8}}]},"30":{"line":1467,"type":"if","locations":[{"start":{"line":1467,"column":15},"end":{"line":1467,"column":15}},{"start":{"line":1467,"column":15},"end":{"line":1467,"column":15}}]},"31":{"line":1469,"type":"if","locations":[{"start":{"line":1469,"column":15},"end":{"line":1469,"column":15}},{"start":{"line":1469,"column":15},"end":{"line":1469,"column":15}}]},"32":{"line":1471,"type":"if","locations":[{"start":{"line":1471,"column":15},"end":{"line":1471,"column":15}},{"start":{"line":1471,"column":15},"end":{"line":1471,"column":15}}]},"33":{"line":1473,"type":"if","locations":[{"start":{"line":1473,"column":15},"end":{"line":1473,"column":15}},{"start":{"line":1473,"column":15},"end":{"line":1473,"column":15}}]},"34":{"line":1475,"type":"if","locations":[{"start":{"line":1475,"column":15},"end":{"line":1475,"column":15}},{"start":{"line":1475,"column":15},"end":{"line":1475,"column":15}}]},"35":{"line":1477,"type":"if","locations":[{"start":{"line":1477,"column":15},"end":{"line":1477,"column":15}},{"start":{"line":1477,"column":15},"end":{"line":1477,"column":15}}]},"36":{"line":1479,"type":"if","locations":[{"start":{"line":1479,"column":15},"end":{"line":1479,"column":15}},{"start":{"line":1479,"column":15},"end":{"line":1479,"column":15}}]},"37":{"line":1481,"type":"if","locations":[{"start":{"line":1481,"column":15},"end":{"line":1481,"column":15}},{"start":{"line":1481,"column":15},"end":{"line":1481,"column":15}}]},"38":{"line":1483,"type":"if","locations":[{"start":{"line":1483,"column":15},"end":{"line":1483,"column":15}},{"start":{"line":1483,"column":15},"end":{"line":1483,"column":15}}]},"39":{"line":1494,"type":"if","locations":[{"start":{"line":1494,"column":8},"end":{"line":1494,"column":8}},{"start":{"line":1494,"column":8},"end":{"line":1494,"column":8}}]},"40":{"line":1495,"type":"if","locations":[{"start":{"line":1495,"column":8},"end":{"line":1495,"column":8}},{"start":{"line":1495,"column":8},"end":{"line":1495,"column":8}}]},"41":{"line":1496,"type":"if","locations":[{"start":{"line":1496,"column":8},"end":{"line":1496,"column":8}},{"start":{"line":1496,"column":8},"end":{"line":1496,"column":8}}]},"42":{"line":1497,"type":"if","locations":[{"start":{"line":1497,"column":8},"end":{"line":1497,"column":8}},{"start":{"line":1497,"column":8},"end":{"line":1497,"column":8}}]},"43":{"line":1498,"type":"if","locations":[{"start":{"line":1498,"column":8},"end":{"line":1498,"column":8}},{"start":{"line":1498,"column":8},"end":{"line":1498,"column":8}}]},"44":{"line":1502,"type":"if","locations":[{"start":{"line":1502,"column":12},"end":{"line":1502,"column":12}},{"start":{"line":1502,"column":12},"end":{"line":1502,"column":12}}]},"45":{"line":1511,"type":"if","locations":[{"start":{"line":1511,"column":8},"end":{"line":1511,"column":8}},{"start":{"line":1511,"column":8},"end":{"line":1511,"column":8}}]},"46":{"line":1520,"type":"if","locations":[{"start":{"line":1520,"column":8},"end":{"line":1520,"column":8}},{"start":{"line":1520,"column":8},"end":{"line":1520,"column":8}}]},"47":{"line":1521,"type":"if","locations":[{"start":{"line":1521,"column":8},"end":{"line":1521,"column":8}},{"start":{"line":1521,"column":8},"end":{"line":1521,"column":8}}]},"48":{"line":1525,"type":"if","locations":[{"start":{"line":1525,"column":8},"end":{"line":1525,"column":8}},{"start":{"line":1525,"column":8},"end":{"line":1525,"column":8}}]},"49":{"line":1529,"type":"if","locations":[{"start":{"line":1529,"column":8},"end":{"line":1529,"column":8}},{"start":{"line":1529,"column":8},"end":{"line":1529,"column":8}}]},"50":{"line":1540,"type":"if","locations":[{"start":{"line":1540,"column":8},"end":{"line":1540,"column":8}},{"start":{"line":1540,"column":8},"end":{"line":1540,"column":8}}]},"51":{"line":1541,"type":"if","locations":[{"start":{"line":1541,"column":8},"end":{"line":1541,"column":8}},{"start":{"line":1541,"column":8},"end":{"line":1541,"column":8}}]},"52":{"line":1542,"type":"if","locations":[{"start":{"line":1542,"column":8},"end":{"line":1542,"column":8}},{"start":{"line":1542,"column":8},"end":{"line":1542,"column":8}}]},"53":{"line":1543,"type":"if","locations":[{"start":{"line":1543,"column":8},"end":{"line":1543,"column":8}},{"start":{"line":1543,"column":8},"end":{"line":1543,"column":8}}]},"54":{"line":1547,"type":"if","locations":[{"start":{"line":1547,"column":8},"end":{"line":1547,"column":8}},{"start":{"line":1547,"column":8},"end":{"line":1547,"column":8}}]},"55":{"line":1569,"type":"if","locations":[{"start":{"line":1569,"column":8},"end":{"line":1569,"column":8}},{"start":{"line":1569,"column":8},"end":{"line":1569,"column":8}}]},"56":{"line":1571,"type":"if","locations":[{"start":{"line":1571,"column":8},"end":{"line":1571,"column":8}},{"start":{"line":1571,"column":8},"end":{"line":1571,"column":8}}]},"57":{"line":1582,"type":"if","locations":[{"start":{"line":1582,"column":8},"end":{"line":1582,"column":8}},{"start":{"line":1582,"column":8},"end":{"line":1582,"column":8}}]},"58":{"line":1591,"type":"if","locations":[{"start":{"line":1591,"column":8},"end":{"line":1591,"column":8}},{"start":{"line":1591,"column":8},"end":{"line":1591,"column":8}}]},"59":{"line":1609,"type":"if","locations":[{"start":{"line":1609,"column":8},"end":{"line":1609,"column":8}},{"start":{"line":1609,"column":8},"end":{"line":1609,"column":8}}]},"60":{"line":1625,"type":"if","locations":[{"start":{"line":1625,"column":8},"end":{"line":1625,"column":8}},{"start":{"line":1625,"column":8},"end":{"line":1625,"column":8}}]},"61":{"line":1649,"type":"if","locations":[{"start":{"line":1649,"column":8},"end":{"line":1649,"column":8}},{"start":{"line":1649,"column":8},"end":{"line":1649,"column":8}}]},"62":{"line":1672,"type":"if","locations":[{"start":{"line":1672,"column":8},"end":{"line":1672,"column":8}},{"start":{"line":1672,"column":8},"end":{"line":1672,"column":8}}]},"63":{"line":1688,"type":"if","locations":[{"start":{"line":1688,"column":8},"end":{"line":1688,"column":8}},{"start":{"line":1688,"column":8},"end":{"line":1688,"column":8}}]},"64":{"line":1699,"type":"if","locations":[{"start":{"line":1699,"column":8},"end":{"line":1699,"column":8}},{"start":{"line":1699,"column":8},"end":{"line":1699,"column":8}}]},"65":{"line":1700,"type":"if","locations":[{"start":{"line":1700,"column":8},"end":{"line":1700,"column":8}},{"start":{"line":1700,"column":8},"end":{"line":1700,"column":8}}]},"66":{"line":1716,"type":"if","locations":[{"start":{"line":1716,"column":8},"end":{"line":1716,"column":8}},{"start":{"line":1716,"column":8},"end":{"line":1716,"column":8}}]},"67":{"line":1717,"type":"if","locations":[{"start":{"line":1717,"column":8},"end":{"line":1717,"column":8}},{"start":{"line":1717,"column":8},"end":{"line":1717,"column":8}}]},"68":{"line":1765,"type":"if","locations":[{"start":{"line":1765,"column":8},"end":{"line":1765,"column":8}},{"start":{"line":1765,"column":8},"end":{"line":1765,"column":8}}]},"69":{"line":1766,"type":"if","locations":[{"start":{"line":1766,"column":8},"end":{"line":1766,"column":8}},{"start":{"line":1766,"column":8},"end":{"line":1766,"column":8}}]},"70":{"line":1795,"type":"if","locations":[{"start":{"line":1795,"column":8},"end":{"line":1795,"column":8}},{"start":{"line":1795,"column":8},"end":{"line":1795,"column":8}}]},"71":{"line":1843,"type":"if","locations":[{"start":{"line":1843,"column":8},"end":{"line":1843,"column":8}},{"start":{"line":1843,"column":8},"end":{"line":1843,"column":8}}]},"72":{"line":1844,"type":"if","locations":[{"start":{"line":1844,"column":8},"end":{"line":1844,"column":8}},{"start":{"line":1844,"column":8},"end":{"line":1844,"column":8}}]},"73":{"line":1845,"type":"if","locations":[{"start":{"line":1845,"column":8},"end":{"line":1845,"column":8}},{"start":{"line":1845,"column":8},"end":{"line":1845,"column":8}}]},"74":{"line":1846,"type":"if","locations":[{"start":{"line":1846,"column":8},"end":{"line":1846,"column":8}},{"start":{"line":1846,"column":8},"end":{"line":1846,"column":8}}]},"75":{"line":1853,"type":"if","locations":[{"start":{"line":1853,"column":12},"end":{"line":1853,"column":12}},{"start":{"line":1853,"column":12},"end":{"line":1853,"column":12}}]},"76":{"line":1855,"type":"if","locations":[{"start":{"line":1855,"column":12},"end":{"line":1855,"column":12}},{"start":{"line":1855,"column":12},"end":{"line":1855,"column":12}}]},"77":{"line":1877,"type":"if","locations":[{"start":{"line":1877,"column":12},"end":{"line":1877,"column":12}},{"start":{"line":1877,"column":12},"end":{"line":1877,"column":12}}]}}},"contracts/token/ERC165.sol":{"l":{"26":0},"path":"/home/kiwi/Work/Random/waifusion-brothel/contracts/token/ERC165.sol","s":{"1":0},"b":{},"f":{"1":0},"fnMap":{"1":{"name":"supportsInterface","line":25,"loc":{"start":{"line":25,"column":4},"end":{"line":27,"column":4}}}},"statementMap":{"1":{"start":{"line":26,"column":8},"end":{"line":26,"column":55}}},"branchMap":{}},"contracts/token/IERC165.sol":{"l":{},"path":"/home/kiwi/Work/Random/waifusion-brothel/contracts/token/IERC165.sol","s":{},"b":{},"f":{},"fnMap":{},"statementMap":{},"branchMap":{}},"contracts/token/IERC20.sol":{"l":{},"path":"/home/kiwi/Work/Random/waifusion-brothel/contracts/token/IERC20.sol","s":{},"b":{},"f":{},"fnMap":{},"statementMap":{},"branchMap":{}},"contracts/token/IERC721.sol":{"l":{},"path":"/home/kiwi/Work/Random/waifusion-brothel/contracts/token/IERC721.sol","s":{},"b":{},"f":{},"fnMap":{},"statementMap":{},"branchMap":{}},"contracts/token/SafeERC20.sol":{"l":{"21":0,"25":0,"40":0,"43":0,"47":0,"48":0,"52":0,"71":0,"72":0,"74":0},"path":"/home/kiwi/Work/Random/waifusion-brothel/contracts/token/SafeERC20.sol","s":{"1":0,"2":0,"3":0,"4":0,"5":0,"6":0,"7":0,"8":0,"9":0},"b":{"1":[0,0],"2":[0,0],"3":[0,0]},"f":{"1":0,"2":0,"3":0,"4":0,"5":0,"6":0},"fnMap":{"1":{"name":"safeTransfer","line":20,"loc":{"start":{"line":20,"column":4},"end":{"line":22,"column":4}}},"2":{"name":"safeTransferFrom","line":24,"loc":{"start":{"line":24,"column":4},"end":{"line":26,"column":4}}},"3":{"name":"safeApprove","line":35,"loc":{"start":{"line":35,"column":4},"end":{"line":44,"column":4}}},"4":{"name":"safeIncreaseAllowance","line":46,"loc":{"start":{"line":46,"column":4},"end":{"line":49,"column":4}}},"5":{"name":"safeDecreaseAllowance","line":51,"loc":{"start":{"line":51,"column":4},"end":{"line":58,"column":4}}},"6":{"name":"_callOptionalReturn","line":66,"loc":{"start":{"line":66,"column":4},"end":{"line":76,"column":4}}}},"statementMap":{"1":{"start":{"line":21,"column":8},"end":{"line":21,"column":93}},"2":{"start":{"line":25,"column":8},"end":{"line":25,"column":103}},"3":{"start":{"line":40,"column":8},"end":{"line":40,"column":1636}},"4":{"start":{"line":43,"column":8},"end":{"line":43,"column":97}},"5":{"start":{"line":47,"column":8},"end":{"line":47,"column":78}},"6":{"start":{"line":48,"column":8},"end":{"line":48,"column":104}},"7":{"start":{"line":71,"column":8},"end":{"line":71,"column":103}},"8":{"start":{"line":72,"column":8},"end":{"line":72,"column":3548}},"9":{"start":{"line":74,"column":12},"end":{"line":74,"column":96}}},"branchMap":{"1":{"line":40,"type":"if","locations":[{"start":{"line":40,"column":8},"end":{"line":40,"column":8}},{"start":{"line":40,"column":8},"end":{"line":40,"column":8}}]},"2":{"line":72,"type":"if","locations":[{"start":{"line":72,"column":8},"end":{"line":72,"column":8}},{"start":{"line":72,"column":8},"end":{"line":72,"column":8}}]},"3":{"line":74,"type":"if","locations":[{"start":{"line":74,"column":12},"end":{"line":74,"column":12}},{"start":{"line":74,"column":12},"end":{"line":74,"column":12}}]}}},"contracts/utils/Address.sol":{"l":{"31":0,"33":0,"34":0,"54":0,"57":0,"58":0,"80":0,"90":0,"105":0,"115":0,"116":0,"119":0,"120":0,"130":0,"140":0,"143":0,"144":0,"154":0,"164":0,"167":0,"168":0,"172":0,"173":0,"176":0,"180":0,"185":0},"path":"/home/kiwi/Work/Random/waifusion-brothel/contracts/utils/Address.sol","s":{"1":0,"2":0,"3":0,"4":0,"5":0,"6":0,"7":0,"8":0,"9":0,"10":0,"11":0,"12":0,"13":0,"14":0,"15":0,"16":0,"17":0,"18":0,"19":0,"20":0,"21":0,"22":0,"23":0,"24":0},"b":{"1":[0,0],"2":[0,0],"3":[0,0],"4":[0,0],"5":[0,0],"6":[0,0],"7":[0,0],"8":[0,0]},"f":{"1":0,"2":0,"3":0,"4":0,"5":0,"6":0,"7":0,"8":0,"9":0,"10":0,"11":0},"fnMap":{"1":{"name":"isContract","line":26,"loc":{"start":{"line":26,"column":4},"end":{"line":35,"column":4}}},"2":{"name":"sendValue","line":53,"loc":{"start":{"line":53,"column":4},"end":{"line":59,"column":4}}},"3":{"name":"functionCall","line":79,"loc":{"start":{"line":79,"column":4},"end":{"line":81,"column":4}}},"4":{"name":"functionCall","line":89,"loc":{"start":{"line":89,"column":4},"end":{"line":91,"column":4}}},"5":{"name":"functionCallWithValue","line":104,"loc":{"start":{"line":104,"column":4},"end":{"line":106,"column":4}}},"6":{"name":"functionCallWithValue","line":114,"loc":{"start":{"line":114,"column":4},"end":{"line":121,"column":4}}},"7":{"name":"functionStaticCall","line":129,"loc":{"start":{"line":129,"column":4},"end":{"line":131,"column":4}}},"8":{"name":"functionStaticCall","line":139,"loc":{"start":{"line":139,"column":4},"end":{"line":145,"column":4}}},"9":{"name":"functionDelegateCall","line":153,"loc":{"start":{"line":153,"column":4},"end":{"line":155,"column":4}}},"10":{"name":"functionDelegateCall","line":163,"loc":{"start":{"line":163,"column":4},"end":{"line":169,"column":4}}},"11":{"name":"_verifyCallResult","line":171,"loc":{"start":{"line":171,"column":4},"end":{"line":188,"column":4}}}},"statementMap":{"1":{"start":{"line":31,"column":8},"end":{"line":31,"column":20}},"2":{"start":{"line":34,"column":8},"end":{"line":34,"column":23}},"3":{"start":{"line":54,"column":8},"end":{"line":54,"column":80}},"4":{"start":{"line":57,"column":8},"end":{"line":57,"column":62}},"5":{"start":{"line":58,"column":8},"end":{"line":58,"column":85}},"6":{"start":{"line":80,"column":6},"end":{"line":80,"column":73}},"7":{"start":{"line":90,"column":8},"end":{"line":90,"column":67}},"8":{"start":{"line":105,"column":8},"end":{"line":105,"column":102}},"9":{"start":{"line":115,"column":8},"end":{"line":115,"column":88}},"10":{"start":{"line":116,"column":8},"end":{"line":116,"column":67}},"11":{"start":{"line":119,"column":8},"end":{"line":119,"column":83}},"12":{"start":{"line":120,"column":8},"end":{"line":120,"column":67}},"13":{"start":{"line":130,"column":8},"end":{"line":130,"column":88}},"14":{"start":{"line":140,"column":8},"end":{"line":140,"column":74}},"15":{"start":{"line":143,"column":8},"end":{"line":143,"column":73}},"16":{"start":{"line":144,"column":8},"end":{"line":144,"column":67}},"17":{"start":{"line":154,"column":8},"end":{"line":154,"column":92}},"18":{"start":{"line":164,"column":8},"end":{"line":164,"column":76}},"19":{"start":{"line":167,"column":8},"end":{"line":167,"column":75}},"20":{"start":{"line":168,"column":8},"end":{"line":168,"column":67}},"21":{"start":{"line":172,"column":8},"end":{"line":172,"column":7231}},"22":{"start":{"line":173,"column":12},"end":{"line":173,"column":29}},"23":{"start":{"line":176,"column":12},"end":{"line":176,"column":7376}},"24":{"start":{"line":185,"column":16},"end":{"line":185,"column":35}}},"branchMap":{"1":{"line":54,"type":"if","locations":[{"start":{"line":54,"column":8},"end":{"line":54,"column":8}},{"start":{"line":54,"column":8},"end":{"line":54,"column":8}}]},"2":{"line":58,"type":"if","locations":[{"start":{"line":58,"column":8},"end":{"line":58,"column":8}},{"start":{"line":58,"column":8},"end":{"line":58,"column":8}}]},"3":{"line":115,"type":"if","locations":[{"start":{"line":115,"column":8},"end":{"line":115,"column":8}},{"start":{"line":115,"column":8},"end":{"line":115,"column":8}}]},"4":{"line":116,"type":"if","locations":[{"start":{"line":116,"column":8},"end":{"line":116,"column":8}},{"start":{"line":116,"column":8},"end":{"line":116,"column":8}}]},"5":{"line":140,"type":"if","locations":[{"start":{"line":140,"column":8},"end":{"line":140,"column":8}},{"start":{"line":140,"column":8},"end":{"line":140,"column":8}}]},"6":{"line":164,"type":"if","locations":[{"start":{"line":164,"column":8},"end":{"line":164,"column":8}},{"start":{"line":164,"column":8},"end":{"line":164,"column":8}}]},"7":{"line":172,"type":"if","locations":[{"start":{"line":172,"column":8},"end":{"line":172,"column":8}},{"start":{"line":172,"column":8},"end":{"line":172,"column":8}}]},"8":{"line":176,"type":"if","locations":[{"start":{"line":176,"column":12},"end":{"line":176,"column":12}},{"start":{"line":176,"column":12},"end":{"line":176,"column":12}}]}}},"contracts/utils/Context.sol":{"l":{"17":0,"21":0,"22":0},"path":"/home/kiwi/Work/Random/waifusion-brothel/contracts/utils/Context.sol","s":{"1":0,"2":0},"b":{},"f":{"1":0,"2":0},"fnMap":{"1":{"name":"_msgSender","line":16,"loc":{"start":{"line":16,"column":4},"end":{"line":18,"column":4}}},"2":{"name":"_msgData","line":20,"loc":{"start":{"line":20,"column":4},"end":{"line":23,"column":4}}}},"statementMap":{"1":{"start":{"line":17,"column":8},"end":{"line":17,"column":25}},"2":{"start":{"line":22,"column":8},"end":{"line":22,"column":23}}},"branchMap":{}},"contracts/utils/Ownable.sol":{"l":{"27":0,"28":0,"29":0,"36":0,"43":0,"44":0,"55":0,"56":0,"64":0,"65":0,"66":0},"path":"/home/kiwi/Work/Random/waifusion-brothel/contracts/utils/Ownable.sol","s":{"1":0,"2":0,"3":0,"4":0,"5":0,"6":0,"7":0,"8":0,"9":0,"10":0},"b":{"1":[0,0],"2":[0,0]},"f":{"1":0,"2":0,"3":0,"4":0,"5":0},"fnMap":{"1":{"name":"constructor","line":26,"loc":{"start":{"line":26,"column":4},"end":{"line":30,"column":4}}},"2":{"name":"owner","line":35,"loc":{"start":{"line":35,"column":4},"end":{"line":37,"column":4}}},"3":{"name":"onlyOwner","line":42,"loc":{"start":{"line":42,"column":4},"end":{"line":45,"column":4}}},"4":{"name":"renounceOwnership","line":54,"loc":{"start":{"line":54,"column":4},"end":{"line":57,"column":4}}},"5":{"name":"transferOwnership","line":63,"loc":{"start":{"line":63,"column":4},"end":{"line":67,"column":4}}}},"statementMap":{"1":{"start":{"line":27,"column":8},"end":{"line":27,"column":40}},"2":{"start":{"line":28,"column":8},"end":{"line":28,"column":25}},"3":{"start":{"line":29,"column":8},"end":{"line":29,"column":56}},"4":{"start":{"line":36,"column":8},"end":{"line":36,"column":21}},"5":{"start":{"line":43,"column":8},"end":{"line":43,"column":75}},"6":{"start":{"line":55,"column":8},"end":{"line":55,"column":53}},"7":{"start":{"line":56,"column":8},"end":{"line":56,"column":26}},"8":{"start":{"line":64,"column":8},"end":{"line":64,"column":80}},"9":{"start":{"line":65,"column":8},"end":{"line":65,"column":51}},"10":{"start":{"line":66,"column":8},"end":{"line":66,"column":24}}},"branchMap":{"1":{"line":43,"type":"if","locations":[{"start":{"line":43,"column":8},"end":{"line":43,"column":8}},{"start":{"line":43,"column":8},"end":{"line":43,"column":8}}]},"2":{"line":64,"type":"if","locations":[{"start":{"line":64,"column":8},"end":{"line":64,"column":8}},{"start":{"line":64,"column":8},"end":{"line":64,"column":8}}]}}},"contracts/WaifuDungeon.sol":{"l":{"46":0,"47":0,"48":0,"49":0,"50":0,"51":0,"57":0,"58":0,"59":0,"60":0,"66":0,"67":0,"68":0,"69":0,"70":0,"71":0,"72":0,"74":0,"76":0,"80":0,"81":0,"82":0,"83":0,"85":0,"86":0,"87":0,"88":0,"89":0,"96":0,"100":0,"101":0,"102":0,"103":0,"105":0,"109":0,"110":0,"111":0,"117":0,"118":0,"119":0,"120":0,"124":0,"125":0,"129":0,"133":0,"137":0,"143":0,"144":0,"145":0,"146":0,"147":0,"151":0,"152":0,"153":0,"154":0,"155":0,"158":0,"160":0,"161":0,"162":0,"163":0,"164":0,"165":0,"167":0},"path":"/home/kiwi/Work/Random/waifusion-brothel/contracts/WaifuDungeon.sol","s":{"1":0,"2":0,"3":0,"4":0,"5":0,"6":0,"7":0,"8":0,"9":0,"10":0,"11":0,"12":0,"13":0,"14":0,"15":0,"16":0,"17":0,"18":0,"19":0,"20":0,"21":0,"22":0,"23":0,"24":0,"25":0,"26":0,"27":0,"28":0,"29":0,"30":0,"31":0,"32":0,"33":0,"34":0,"35":0,"36":0,"37":0,"38":0,"39":0,"40":0,"41":0,"42":0,"43":0,"44":0,"45":0,"46":0,"47":0,"48":0,"49":0,"50":0,"51":0,"52":0,"53":0,"54":0,"55":0,"56":0,"57":0,"58":0,"59":0,"60":0},"b":{"1":[0,0],"2":[0,0],"3":[0,0],"4":[0,0],"5":[0,0],"6":[0,0],"7":[0,0],"8":[0,0],"9":[0,0],"10":[0,0],"11":[0,0],"12":[0,0],"13":[0,0],"14":[0,0],"15":[0,0]},"f":{"1":0,"2":0,"3":0,"4":0,"5":0,"6":0,"7":0,"8":0,"9":0,"10":0,"11":0,"12":0,"13":0,"14":0,"15":0},"fnMap":{"1":{"name":"constructor","line":36,"loc":{"start":{"line":36,"column":4},"end":{"line":37,"column":4}}},"2":{"name":"onERC721Received","line":44,"loc":{"start":{"line":44,"column":4},"end":{"line":52,"column":4}}},"3":{"name":"commitBuyWaifus","line":56,"loc":{"start":{"line":56,"column":4},"end":{"line":61,"column":4}}},"4":{"name":"commitSwapWaifus","line":65,"loc":{"start":{"line":65,"column":4},"end":{"line":77,"column":4}}},"5":{"name":"revealWaifus","line":79,"loc":{"start":{"line":79,"column":4},"end":{"line":91,"column":4}}},"6":{"name":"withdrawFromWaifusion","line":95,"loc":{"start":{"line":95,"column":4},"end":{"line":97,"column":4}}},"7":{"name":"funnelMaxWaifus","line":99,"loc":{"start":{"line":99,"column":4},"end":{"line":106,"column":4}}},"8":{"name":"funnelWaifus","line":108,"loc":{"start":{"line":108,"column":4},"end":{"line":112,"column":4}}},"9":{"name":"addNFTToDungeon","line":116,"loc":{"start":{"line":116,"column":4},"end":{"line":121,"column":4}}},"10":{"name":"withdraw","line":123,"loc":{"start":{"line":123,"column":4},"end":{"line":126,"column":4}}},"11":{"name":"setWaifusionOwner","line":128,"loc":{"start":{"line":128,"column":4},"end":{"line":130,"column":4}}},"12":{"name":"setBuyCost","line":132,"loc":{"start":{"line":132,"column":4},"end":{"line":134,"column":4}}},"13":{"name":"setSwapCost","line":136,"loc":{"start":{"line":136,"column":4},"end":{"line":138,"column":4}}},"14":{"name":"_commitRandomWaifus","line":142,"loc":{"start":{"line":142,"column":4},"end":{"line":148,"column":4}}},"15":{"name":"_revealRandomWaifus","line":150,"loc":{"start":{"line":150,"column":4},"end":{"line":168,"column":4}}}},"statementMap":{"1":{"start":{"line":46,"column":8},"end":{"line":46,"column":79}},"2":{"start":{"line":47,"column":8},"end":{"line":47,"column":75}},"3":{"start":{"line":48,"column":8},"end":{"line":48,"column":74}},"4":{"start":{"line":49,"column":8},"end":{"line":49,"column":70}},"5":{"start":{"line":51,"column":8},"end":{"line":51,"column":31}},"6":{"start":{"line":57,"column":8},"end":{"line":57,"column":83}},"7":{"start":{"line":58,"column":8},"end":{"line":58,"column":60}},"8":{"start":{"line":59,"column":8},"end":{"line":59,"column":79}},"9":{"start":{"line":60,"column":8},"end":{"line":60,"column":31}},"10":{"start":{"line":66,"column":8},"end":{"line":66,"column":42}},"11":{"start":{"line":67,"column":8},"end":{"line":67,"column":75}},"12":{"start":{"line":68,"column":8},"end":{"line":68,"column":88}},"13":{"start":{"line":69,"column":8},"end":{"line":69,"column":38}},"14":{"start":{"line":70,"column":8},"end":{"line":70,"column":38}},"15":{"start":{"line":71,"column":8},"end":{"line":71,"column":99}},"16":{"start":{"line":72,"column":8},"end":{"line":72,"column":3066}},"17":{"start":{"line":74,"column":12},"end":{"line":74,"column":76}},"18":{"start":{"line":76,"column":8},"end":{"line":76,"column":40}},"19":{"start":{"line":80,"column":8},"end":{"line":80,"column":58}},"20":{"start":{"line":81,"column":8},"end":{"line":81,"column":3388}},"21":{"start":{"line":82,"column":12},"end":{"line":82,"column":62}},"22":{"start":{"line":83,"column":12},"end":{"line":83,"column":105}},"23":{"start":{"line":85,"column":8},"end":{"line":85,"column":3628}},"24":{"start":{"line":86,"column":12},"end":{"line":86,"column":38}},"25":{"start":{"line":87,"column":12},"end":{"line":87,"column":67}},"26":{"start":{"line":96,"column":8},"end":{"line":96,"column":39}},"27":{"start":{"line":100,"column":8},"end":{"line":100,"column":86}},"28":{"start":{"line":101,"column":8},"end":{"line":101,"column":74}},"29":{"start":{"line":102,"column":8},"end":{"line":102,"column":4241}},"30":{"start":{"line":103,"column":12},"end":{"line":103,"column":18}},"31":{"start":{"line":105,"column":8},"end":{"line":105,"column":33}},"32":{"start":{"line":109,"column":8},"end":{"line":109,"column":30}},"33":{"start":{"line":110,"column":8},"end":{"line":110,"column":62}},"34":{"start":{"line":111,"column":8},"end":{"line":111,"column":64}},"35":{"start":{"line":117,"column":8},"end":{"line":117,"column":75}},"36":{"start":{"line":118,"column":8},"end":{"line":118,"column":74}},"37":{"start":{"line":119,"column":8},"end":{"line":119,"column":70}},"38":{"start":{"line":124,"column":8},"end":{"line":124,"column":47}},"39":{"start":{"line":125,"column":8},"end":{"line":125,"column":44}},"40":{"start":{"line":129,"column":8},"end":{"line":129,"column":56}},"41":{"start":{"line":133,"column":8},"end":{"line":133,"column":27}},"42":{"start":{"line":137,"column":8},"end":{"line":137,"column":29}},"43":{"start":{"line":143,"column":8},"end":{"line":143,"column":71}},"44":{"start":{"line":144,"column":8},"end":{"line":144,"column":43}},"45":{"start":{"line":145,"column":8},"end":{"line":145,"column":100}},"46":{"start":{"line":146,"column":8},"end":{"line":146,"column":55}},"47":{"start":{"line":147,"column":8},"end":{"line":147,"column":47}},"48":{"start":{"line":151,"column":8},"end":{"line":151,"column":50}},"49":{"start":{"line":152,"column":8},"end":{"line":152,"column":65}},"50":{"start":{"line":153,"column":8},"end":{"line":153,"column":93}},"51":{"start":{"line":154,"column":8},"end":{"line":154,"column":93}},"52":{"start":{"line":155,"column":8},"end":{"line":155,"column":36}},"53":{"start":{"line":158,"column":8},"end":{"line":158,"column":56}},"54":{"start":{"line":160,"column":8},"end":{"line":160,"column":65}},"55":{"start":{"line":161,"column":8},"end":{"line":161,"column":40}},"56":{"start":{"line":162,"column":8},"end":{"line":162,"column":92}},"57":{"start":{"line":163,"column":8},"end":{"line":163,"column":6733}},"58":{"start":{"line":164,"column":12},"end":{"line":164,"column":37}},"59":{"start":{"line":165,"column":12},"end":{"line":165,"column":56}},"60":{"start":{"line":167,"column":8},"end":{"line":167,"column":24}}},"branchMap":{"1":{"line":46,"type":"if","locations":[{"start":{"line":46,"column":8},"end":{"line":46,"column":8}},{"start":{"line":46,"column":8},"end":{"line":46,"column":8}}]},"2":{"line":47,"type":"if","locations":[{"start":{"line":47,"column":8},"end":{"line":47,"column":8}},{"start":{"line":47,"column":8},"end":{"line":47,"column":8}}]},"3":{"line":48,"type":"if","locations":[{"start":{"line":48,"column":8},"end":{"line":48,"column":8}},{"start":{"line":48,"column":8},"end":{"line":48,"column":8}}]},"4":{"line":57,"type":"if","locations":[{"start":{"line":57,"column":8},"end":{"line":57,"column":8}},{"start":{"line":57,"column":8},"end":{"line":57,"column":8}}]},"5":{"line":58,"type":"if","locations":[{"start":{"line":58,"column":8},"end":{"line":58,"column":8}},{"start":{"line":58,"column":8},"end":{"line":58,"column":8}}]},"6":{"line":59,"type":"if","locations":[{"start":{"line":59,"column":8},"end":{"line":59,"column":8}},{"start":{"line":59,"column":8},"end":{"line":59,"column":8}}]},"7":{"line":67,"type":"if","locations":[{"start":{"line":67,"column":8},"end":{"line":67,"column":8}},{"start":{"line":67,"column":8},"end":{"line":67,"column":8}}]},"8":{"line":68,"type":"if","locations":[{"start":{"line":68,"column":8},"end":{"line":68,"column":8}},{"start":{"line":68,"column":8},"end":{"line":68,"column":8}}]},"9":{"line":102,"type":"if","locations":[{"start":{"line":102,"column":8},"end":{"line":102,"column":8}},{"start":{"line":102,"column":8},"end":{"line":102,"column":8}}]},"10":{"line":117,"type":"if","locations":[{"start":{"line":117,"column":8},"end":{"line":117,"column":8}},{"start":{"line":117,"column":8},"end":{"line":117,"column":8}}]},"11":{"line":143,"type":"if","locations":[{"start":{"line":143,"column":8},"end":{"line":143,"column":8}},{"start":{"line":143,"column":8},"end":{"line":143,"column":8}}]},"12":{"line":145,"type":"if","locations":[{"start":{"line":145,"column":8},"end":{"line":145,"column":8}},{"start":{"line":145,"column":8},"end":{"line":145,"column":8}}]},"13":{"line":152,"type":"if","locations":[{"start":{"line":152,"column":8},"end":{"line":152,"column":8}},{"start":{"line":152,"column":8},"end":{"line":152,"column":8}}]},"14":{"line":153,"type":"if","locations":[{"start":{"line":153,"column":8},"end":{"line":153,"column":8}},{"start":{"line":153,"column":8},"end":{"line":153,"column":8}}]},"15":{"line":154,"type":"if","locations":[{"start":{"line":154,"column":8},"end":{"line":154,"column":8}},{"start":{"line":154,"column":8},"end":{"line":154,"column":8}}]}}}}